<?xml version="1.0" encoding="UTF-8"?>
<!-- Generated by org.testng.reporters.JUnitReportReporter -->
<testsuite hostname="HYDPCM364778L" failures="0" tests="3" name="testrunner.testrunner4" time="6.624" errors="0" timestamp="2021-03-11T14:37:07 IST" skipped="0">
  <testcase classname="testrunner.testrunner4" name="posted_with_correct_information" time="3.966"/>
  <system-out/>
  <testcase classname="testrunner.testrunner4" name="validate_positive_response_code_received" time="1.425"/>
  <system-out/>
  <testcase classname="testrunner.testrunner4" name="api_for_foreign_exchange" time="1.233"/>
  <system-out/>
</testsuite> <!-- testrunner.testrunner4 -->
