<?xml version="1.0" encoding="UTF-8"?>
<!-- Generated by org.testng.reporters.JUnitReportReporter -->
<testsuite hostname="HYDPCM364778L" failures="0" tests="7" name="testrunner.testrunner8" time="12.455" errors="0" timestamp="2021-03-11T18:22:20 IST" skipped="0">
  <testcase classname="testrunner.testrunner8" name="posted_with_parameters" time="2.038"/>
  <system-out/>
  <testcase classname="testrunner.testrunner8" name="posted_with_parameters" time="1.494"/>
  <system-out/>
  <testcase classname="testrunner.testrunner8" name="validate_positive_response_code_received" time="1.247"/>
  <system-out/>
  <testcase classname="testrunner.testrunner8" name="api_for_foreign_exchange" time="1.154"/>
  <system-out/>
  <testcase classname="testrunner.testrunner8" name="validate_positive_response_code_received" time="1.221"/>
  <system-out/>
  <testcase classname="testrunner.testrunner8" name="posted_with_parameters" time="3.787"/>
  <system-out/>
  <testcase classname="testrunner.testrunner8" name="validate_positive_response_code_received" time="1.514"/>
  <system-out/>
</testsuite> <!-- testrunner.testrunner8 -->
