<?xml version="1.0" encoding="UTF-8"?>
<!-- Generated by org.testng.reporters.JUnitReportReporter -->
<testsuite hostname="HYDPCM364778L" failures="0" tests="7" name="stepdefination.stepdefination8" time="10.274" errors="0" timestamp="2021-03-10T19:17:35 IST" skipped="0">
  <testcase classname="stepdefination.stepdefination8" name="posted_with_parameters" time="1.377"/>
  <system-out/>
  <testcase classname="stepdefination.stepdefination8" name="posted_with_parameters" time="1.232"/>
  <system-out/>
  <testcase classname="stepdefination.stepdefination8" name="validate_positive_response_code_received" time="0.736"/>
  <system-out/>
  <testcase classname="stepdefination.stepdefination8" name="api_for_foreign_exchange" time="1.456"/>
  <system-out/>
  <testcase classname="stepdefination.stepdefination8" name="posted_with_parameters" time="3.741"/>
  <system-out/>
  <testcase classname="stepdefination.stepdefination8" name="validate_positive_response_code_received" time="0.827"/>
  <system-out/>
  <testcase classname="stepdefination.stepdefination8" name="validate_positive_response_code_received" time="0.905"/>
  <system-out/>
</testsuite> <!-- stepdefination.stepdefination8 -->
