<?xml version="1.0" encoding="UTF-8"?>
<!-- Generated by org.testng.reporters.JUnitReportReporter -->
<testsuite hostname="HYDPCM364778L" failures="0" tests="3" name="stepdefination.stepdefination5" time="4.974" errors="0" timestamp="2021-03-10T10:31:08 IST" skipped="0">
  <testcase classname="stepdefination.stepdefination5" name="api_for_foreign_exchange" time="0.016"/>
  <system-out/>
  <testcase classname="stepdefination.stepdefination5" name="posted_with_correct_information" time="4.947"/>
  <system-out/>
  <testcase classname="stepdefination.stepdefination5" name="validate_positive_response_code_received" time="0.011"/>
  <system-out/>
</testsuite> <!-- stepdefination.stepdefination5 -->
