<?xml version="1.0" encoding="UTF-8"?>
<!-- Generated by org.testng.reporters.JUnitReportReporter -->
<testsuite hostname="HYDPCM364778L" failures="0" tests="3" name="testrunner.testrunner5" time="5.909" errors="0" timestamp="2021-03-11T14:19:39 IST" skipped="0">
  <testcase classname="testrunner.testrunner5" name="posted_with_correct_information" time="5.886"/>
  <system-out/>
  <testcase classname="testrunner.testrunner5" name="validate_positive_response_code_received" time="0.010"/>
  <system-out/>
  <testcase classname="testrunner.testrunner5" name="api_for_foreign_exchange" time="0.013"/>
  <system-out/>
</testsuite> <!-- testrunner.testrunner5 -->
