<?xml version="1.0" encoding="UTF-8"?>
<!-- Generated by org.testng.reporters.JUnitReportReporter -->
<testsuite hostname="HYDPCM364778L" failures="0" tests="1" name="testrunner.testrunnner5" time="0.765" errors="0" timestamp="2021-03-10T08:01:54 IST" skipped="0">
  <testcase classname="testrunner.testrunnner5" name="api_for_foreign_exchange" time="0.765"/>
  <system-out/>
</testsuite> <!-- testrunner.testrunnner5 -->
