<?xml version="1.0" encoding="UTF-8"?>
<!-- Generated by org.testng.reporters.JUnitReportReporter -->
<testsuite hostname="HYDPCM364778L" failures="0" tests="5" name="restrunner9.testrunner9" time="8.930" errors="0" timestamp="2021-03-11T18:29:44 IST" skipped="0">
  <testcase classname="restrunner9.testrunner9" name="api_for_foreign_exchange" time="1.185"/>
  <system-out/>
  <testcase classname="restrunner9.testrunner9" name="validate_positive_response_code_received" time="1.175"/>
  <system-out/>
  <testcase classname="restrunner9.testrunner9" name="posted_with_dataprovider" time="3.801"/>
  <system-out/>
  <testcase classname="restrunner9.testrunner9" name="posted_with_dataprovider" time="1.704"/>
  <system-out/>
  <testcase classname="restrunner9.testrunner9" name="validate_positive_response_code_received" time="1.065"/>
  <system-out/>
</testsuite> <!-- restrunner9.testrunner9 -->
