<?xml version="1.0" encoding="UTF-8"?>
<!-- Generated by org.testng.reporters.JUnitReportReporter -->
<testsuite hostname="HYDPCM364778L" failures="0" tests="5" name="stepdefination.stepdefination9" time="8.330" errors="0" timestamp="2021-03-10T19:20:35 IST" skipped="0">
  <testcase classname="stepdefination.stepdefination9" name="posted_with_dataprovider" time="3.753"/>
  <system-out/>
  <testcase classname="stepdefination.stepdefination9" name="validate_positive_response_code_received" time="0.996"/>
  <system-out/>
  <testcase classname="stepdefination.stepdefination9" name="validate_positive_response_code_received" time="1.098"/>
  <system-out/>
  <testcase classname="stepdefination.stepdefination9" name="posted_with_dataprovider" time="1.015"/>
  <system-out/>
  <testcase classname="stepdefination.stepdefination9" name="api_for_foreign_exchange" time="1.468"/>
  <system-out/>
</testsuite> <!-- stepdefination.stepdefination9 -->
