<?xml version="1.0" encoding="UTF-8"?>
<!-- Generated by org.testng.reporters.JUnitReportReporter -->
<testsuite hostname="HYDPCM364778L" failures="0" tests="3" name="stepdefination.stepdefination2" time="6.003" errors="0" timestamp="2021-03-09T13:48:37 IST" skipped="0">
  <testcase classname="stepdefination.stepdefination2" name="posted_with_correct_information" time="2.926"/>
  <system-out/>
  <testcase classname="stepdefination.stepdefination2" name="validate_positive_response_code_received" time="2.027"/>
  <system-out/>
  <testcase classname="stepdefination.stepdefination2" name="api_for_foreign_exchange" time="1.050"/>
  <system-out/>
</testsuite> <!-- stepdefination.stepdefination2 -->
