<?xml version="1.0" encoding="UTF-8"?>
<!-- Generated by org.testng.reporters.JUnitReportReporter -->
<testsuite hostname="HYDPCM364778L" failures="0" tests="3" name="testrunner.testrunner2" time="6.850" errors="0" timestamp="2021-03-09T14:58:28 IST" skipped="0">
  <testcase classname="testrunner.testrunner2" name="posted_with_correct_information" time="3.071"/>
  <system-out/>
  <testcase classname="testrunner.testrunner2" name="api_for_foreign_exchange" time="0.997"/>
  <system-out/>
  <testcase classname="testrunner.testrunner2" name="validate_positive_response_code_received" time="2.782"/>
  <system-out/>
</testsuite> <!-- testrunner.testrunner2 -->
