<?xml version="1.0" encoding="UTF-8"?>
<!-- Generated by org.testng.reporters.JUnitReportReporter -->
<testsuite hostname="HYDPCM364778L" failures="0" tests="3" name="testrunner.testrunner3" time="4.599" errors="0" timestamp="2021-03-11T13:41:15 IST" skipped="0">
  <testcase classname="testrunner.testrunner3" name="api_for_foreign_exchange" time="1.020"/>
  <system-out/>
  <testcase classname="testrunner.testrunner3" name="validate_positive_response_code_received" time="0.006"/>
  <system-out/>
  <testcase classname="testrunner.testrunner3" name="posted_with_correct_information" time="3.573"/>
  <system-out/>
</testsuite> <!-- testrunner.testrunner3 -->
