<?xml version="1.0" encoding="UTF-8"?>
<!-- Generated by org.testng.reporters.JUnitReportReporter -->
<testsuite hostname="HYDPCM364778L" failures="0" tests="3" name="stepdefination.stepdefination6" time="6.779" errors="0" timestamp="2021-03-10T10:11:23 IST" skipped="0">
  <testcase classname="stepdefination.stepdefination6" name="posted_with_future_date_information" time="3.911"/>
  <system-out/>
  <testcase classname="stepdefination.stepdefination6" name="validate_positive_response_code_received" time="1.211"/>
  <system-out/>
  <testcase classname="stepdefination.stepdefination6" name="api_for_foreign_exchange" time="1.657"/>
  <system-out/>
</testsuite> <!-- stepdefination.stepdefination6 -->
