<?xml version="1.0" encoding="UTF-8"?>
<!-- Generated by org.testng.reporters.JUnitReportReporter -->
<testsuite hostname="HYDPCM364778L" failures="0" tests="3" name="testrunner.testrunner6" time="6.913" errors="0" timestamp="2021-03-11T14:47:19 IST" skipped="0">
  <testcase classname="testrunner.testrunner6" name="posted_with_future_date_information" time="4.650"/>
  <system-out/>
  <testcase classname="testrunner.testrunner6" name="api_for_foreign_exchange" time="0.991"/>
  <system-out/>
  <testcase classname="testrunner.testrunner6" name="validate_positive_response_code_received" time="1.272"/>
  <system-out/>
</testsuite> <!-- testrunner.testrunner6 -->
