<?xml version="1.0" encoding="UTF-8"?>
<!-- Generated by org.testng.reporters.JUnitReportReporter -->
<testsuite hostname="HYDPCM364778L" failures="0" tests="3" name="testrunner.testrunner2" time="5.565" errors="0" timestamp="2021-03-11T13:09:45 IST" skipped="0">
  <testcase classname="testrunner.testrunner2" name="validate_positive_response_code_received" time="1.020"/>
  <system-out/>
  <testcase classname="testrunner.testrunner2" name="api_for_foreign_exchange" time="1.035"/>
  <system-out/>
  <testcase classname="testrunner.testrunner2" name="posted_with_correct_information" time="3.510"/>
  <system-out/>
</testsuite> <!-- testrunner.testrunner2 -->
