<?xml version="1.0" encoding="UTF-8"?>
<!-- Generated by org.testng.reporters.JUnitReportReporter -->
<testsuite hostname="HYDPCM364778L" failures="0" tests="1" name="setup.setup" time="4.310" errors="0" timestamp="2021-03-11T14:09:32 IST" skipped="0">
  <testcase classname="setup.setup" name="f" time="4.310"/>
  <system-out/>
</testsuite> <!-- setup.setup -->
