<?xml version="1.0" encoding="UTF-8"?>
<!-- Generated by org.testng.reporters.JUnitReportReporter -->
<testsuite hostname="HYDPCM364778L" failures="0" tests="3" name="testrunner.testrunner1" time="4.435" errors="0" timestamp="2021-03-11T12:58:47 IST" skipped="0">
  <testcase classname="testrunner.testrunner1" name="api_for_foreign_exchange" time="1.045"/>
  <system-out/>
  <testcase classname="testrunner.testrunner1" name="validate_positive_response_code_received" time="0.005"/>
  <system-out/>
  <testcase classname="testrunner.testrunner1" name="posted_with_correct_information" time="3.385"/>
  <system-out/>
</testsuite> <!-- testrunner.testrunner1 -->
