<?xml version="1.0" encoding="UTF-8"?>
<!-- Generated by org.testng.reporters.JUnitReportReporter -->
<testsuite hostname="HYDPCM364778L" failures="0" tests="3" name="stepdefination.stepdefination7" time="5.191" errors="0" timestamp="2021-03-10T10:29:19 IST" skipped="0">
  <testcase classname="stepdefination.stepdefination7" name="posted_with_future_date_information" time="3.897"/>
  <system-out/>
  <testcase classname="stepdefination.stepdefination7" name="validate_positive_response_code_received" time="0.009"/>
  <system-out/>
  <testcase classname="stepdefination.stepdefination7" name="api_for_foreign_exchange" time="1.285"/>
  <system-out/>
</testsuite> <!-- stepdefination.stepdefination7 -->
