<?xml version="1.0" encoding="UTF-8"?>
<!-- Generated by org.testng.reporters.JUnitReportReporter -->
<testsuite hostname="HYDPCM364778L" failures="0" tests="3" name="testrunner.testrunner7" time="6.050" errors="0" timestamp="2021-03-11T18:08:48 IST" skipped="0">
  <testcase classname="testrunner.testrunner7" name="posted_with_future_date_information" time="5.002"/>
  <system-out/>
  <testcase classname="testrunner.testrunner7" name="validate_positive_response_code_received" time="0.008"/>
  <system-out/>
  <testcase classname="testrunner.testrunner7" name="api_for_foreign_exchange" time="1.040"/>
  <system-out/>
</testsuite> <!-- testrunner.testrunner7 -->
